Failed to load c++ bson extension, using pure JS version
Express server listening on port 11027
Q1: Fetching from ENR 
Q1: Got 14725 rows
[ { UNITID: 372213,
    EFYTOTLT: 503019,
    YEAR: 2010,
    INSTNM: 'University of Phoenix-Online Campus' },
  { UNITID: 372213,
    EFYTOTLT: 496050,
    YEAR: 2011,
    INSTNM: 'University of Phoenix-Online Campus' },
  { UNITID: 154022,
    EFYTOTLT: 157752,
    YEAR: 2011,
    INSTNM: 'Ashford University' },
  { UNITID: 154022,
    EFYTOTLT: 117643,
    YEAR: 2010,
    INSTNM: 'Ashford University' },
  { UNITID: 260901,
    EFYTOTLT: 111355,
    YEAR: 2010,
    INSTNM: 'Kaplan University-Davenport Campus' },
  { UNITID: 135717,
    EFYTOTLT: 99232,
    YEAR: 2011,
    INSTNM: 'Miami Dade College' },
  { UNITID: 135717,
    EFYTOTLT: 95166,
    YEAR: 2010,
    INSTNM: 'Miami Dade College' },
  { UNITID: 225423,
    EFYTOTLT: 92869,
    YEAR: 2011,
    INSTNM: 'Houston Community College' },
  { UNITID: 260901,
    EFYTOTLT: 91976,
    YEAR: 2011,
    INSTNM: 'Kaplan University-Davenport Campus' },
  { UNITID: 225423,
    EFYTOTLT: 89207,
    YEAR: 2010,
    INSTNM: 'Houston Community College' },
  { UNITID: 449339,
    EFYTOTLT: 88029,
    YEAR: 2011,
    INSTNM: 'American Public University System' },
  { UNITID: 227182,
    EFYTOTLT: 86966,
    YEAR: 2011,
    INSTNM: 'Lone Star College System' },
  { UNITID: 227182,
    EFYTOTLT: 80015,
    YEAR: 2010,
    INSTNM: 'Lone Star College System' },
  { UNITID: 104151,
    EFYTOTLT: 79274,
    YEAR: 2011,
    INSTNM: 'Arizona State University' },
  { UNITID: 222992,
    EFYTOTLT: 77953,
    YEAR: 2011,
    INSTNM: 'Austin Community College District' },
  { UNITID: 232557,
    EFYTOTLT: 77778,
    YEAR: 2011,
    INSTNM: 'Liberty University' },
  { UNITID: 104151,
    EFYTOTLT: 76438,
    YEAR: 2010,
    INSTNM: 'Arizona State University' },
  { UNITID: 232946,
    EFYTOTLT: 75490,
    YEAR: 2011,
    INSTNM: 'Northern Virginia Community College' },
  { UNITID: 228547,
    EFYTOTLT: 74833,
    YEAR: 2011,
    INSTNM: 'Tarrant County College District' },
  { UNITID: 232946,
    EFYTOTLT: 72563,
    YEAR: 2010,
    INSTNM: 'Northern Virginia Community College' },
  { UNITID: 125231,
    EFYTOTLT: 71763,
    YEAR: 2011,
    INSTNM: 'Walden University' },
  { UNITID: 222992,
    EFYTOTLT: 70326,
    YEAR: 2010,
    INSTNM: 'Austin Community College District' },
  { UNITID: 228547,
    EFYTOTLT: 70074,
    YEAR: 2010,
    INSTNM: 'Tarrant County College District' },
  { UNITID: 449339,
    EFYTOTLT: 69384,
    YEAR: 2010,
    INSTNM: 'American Public University System' },
  { UNITID: 132903,
    EFYTOTLT: 66273,
    YEAR: 2011,
    INSTNM: 'University of Central Florida' },
  { UNITID: 104717,
    EFYTOTLT: 65509,
    YEAR: 2011,
    INSTNM: 'Grand Canyon University' },
  { UNITID: 174066,
    EFYTOTLT: 65213,
    YEAR: 2010,
    INSTNM: 'University of Minnesota-Twin Cities' },
  { UNITID: 232557,
    EFYTOTLT: 64610,
    YEAR: 2010,
    INSTNM: 'Liberty University' },
  { UNITID: 204796,
    EFYTOTLT: 64425,
    YEAR: 2011,
    INSTNM: 'Ohio State University-Main Campus' },
  { UNITID: 174066,
    EFYTOTLT: 64349,
    YEAR: 2011,
    INSTNM: 'University of Minnesota-Twin Cities' } ]
[90mGET /question1 [32m200 [90m648ms - 4.56kb[0m
[90mGET /css/style.css [32m200 [90m12ms - 130[0m
[90mGET /css/bootstrap.css [32m200 [90m6ms - 122.94kb[0m
[90mGET /js/jquery.js [32m200 [90m21ms - 90.92kb[0m
[90mGET /css/jquery.dataTables.css [32m200 [90m29ms - 4.45kb[0m
[90mGET /js/initBody.js [32m200 [90m44ms - 218[0m
[90mGET /src/DataTables.js [32m200 [90m15ms - 10.6kb[0m
[90mGET /js/jquery.dataTables.js [32m200 [90m619ms - 368.73kb[0m
[90mGET /runtime/ghost [33m404 [90m27ms[0m
[90mGET /runtime/ghost:31348 [33m404 [90m1ms[0m
[90mGET / [33m404 [90m29ms[0m
[90mGET / [33m404 [90m2ms[0m
[90mGET /ghost/signup/ [33m404 [90m18ms[0m
[90mGET /runTime/signup/ [33m404 [90m1ms[0m
[90mGET /runTime/ [33m404 [90m1ms[0m
Q1: Fetching from ENR 
Q1: Got 14725 rows
[ { UNITID: 372213,
    EFYTOTLT: 503019,
    YEAR: 2010,
    INSTNM: 'University of Phoenix-Online Campus' },
  { UNITID: 372213,
    EFYTOTLT: 496050,
    YEAR: 2011,
    INSTNM: 'University of Phoenix-Online Campus' },
  { UNITID: 154022,
    EFYTOTLT: 157752,
    YEAR: 2011,
    INSTNM: 'Ashford University' },
  { UNITID: 154022,
    EFYTOTLT: 117643,
    YEAR: 2010,
    INSTNM: 'Ashford University' },
  { UNITID: 260901,
    EFYTOTLT: 111355,
    YEAR: 2010,
    INSTNM: 'Kaplan University-Davenport Campus' },
  { UNITID: 135717,
    EFYTOTLT: 99232,
    YEAR: 2011,
    INSTNM: 'Miami Dade College' },
  { UNITID: 135717,
    EFYTOTLT: 95166,
    YEAR: 2010,
    INSTNM: 'Miami Dade College' },
  { UNITID: 225423,
    EFYTOTLT: 92869,
    YEAR: 2011,
    INSTNM: 'Houston Community College' },
  { UNITID: 260901,
    EFYTOTLT: 91976,
    YEAR: 2011,
    INSTNM: 'Kaplan University-Davenport Campus' },
  { UNITID: 225423,
    EFYTOTLT: 89207,
    YEAR: 2010,
    INSTNM: 'Houston Community College' },
  { UNITID: 449339,
    EFYTOTLT: 88029,
    YEAR: 2011,
    INSTNM: 'American Public University System' },
  { UNITID: 227182,
    EFYTOTLT: 86966,
    YEAR: 2011,
    INSTNM: 'Lone Star College System' },
  { UNITID: 227182,
    EFYTOTLT: 80015,
    YEAR: 2010,
    INSTNM: 'Lone Star College System' },
  { UNITID: 104151,
    EFYTOTLT: 79274,
    YEAR: 2011,
    INSTNM: 'Arizona State University' },
  { UNITID: 222992,
    EFYTOTLT: 77953,
    YEAR: 2011,
    INSTNM: 'Austin Community College District' },
  { UNITID: 232557,
    EFYTOTLT: 77778,
    YEAR: 2011,
    INSTNM: 'Liberty University' },
  { UNITID: 104151,
    EFYTOTLT: 76438,
    YEAR: 2010,
    INSTNM: 'Arizona State University' },
  { UNITID: 232946,
    EFYTOTLT: 75490,
    YEAR: 2011,
    INSTNM: 'Northern Virginia Community College' },
  { UNITID: 228547,
    EFYTOTLT: 74833,
    YEAR: 2011,
    INSTNM: 'Tarrant County College District' },
  { UNITID: 232946,
    EFYTOTLT: 72563,
    YEAR: 2010,
    INSTNM: 'Northern Virginia Community College' },
  { UNITID: 125231,
    EFYTOTLT: 71763,
    YEAR: 2011,
    INSTNM: 'Walden University' },
  { UNITID: 222992,
    EFYTOTLT: 70326,
    YEAR: 2010,
    INSTNM: 'Austin Community College District' },
  { UNITID: 228547,
    EFYTOTLT: 70074,
    YEAR: 2010,
    INSTNM: 'Tarrant County College District' },
  { UNITID: 449339,
    EFYTOTLT: 69384,
    YEAR: 2010,
    INSTNM: 'American Public University System' },
  { UNITID: 132903,
    EFYTOTLT: 66273,
    YEAR: 2011,
    INSTNM: 'University of Central Florida' },
  { UNITID: 104717,
    EFYTOTLT: 65509,
    YEAR: 2011,
    INSTNM: 'Grand Canyon University' },
  { UNITID: 174066,
    EFYTOTLT: 65213,
    YEAR: 2010,
    INSTNM: 'University of Minnesota-Twin Cities' },
  { UNITID: 232557,
    EFYTOTLT: 64610,
    YEAR: 2010,
    INSTNM: 'Liberty University' },
  { UNITID: 204796,
    EFYTOTLT: 64425,
    YEAR: 2011,
    INSTNM: 'Ohio State University-Main Campus' },
  { UNITID: 174066,
    EFYTOTLT: 64349,
    YEAR: 2011,
    INSTNM: 'University of Minnesota-Twin Cities' } ]
[90mGET /question1 [32m200 [90m413ms - 4.56kb[0m
[90mGET /js/jquery.js [32m200 [90m3ms - 90.92kb[0m
[90mGET /css/style.css [32m200 [90m27ms - 130[0m
[90mGET /css/bootstrap.css [32m200 [90m33ms - 122.94kb[0m
[90mGET /css/jquery.dataTables.css [32m200 [90m32ms - 4.45kb[0m
[90mGET /js/initBody.js [32m200 [90m8ms - 218[0m
[90mGET /src/DataTables.js [32m200 [90m18ms - 10.6kb[0m
[90mGET /js/jquery.dataTables.js [32m200 [90m2394ms - 368.73kb[0m
